#
# There is insufficient memory for the Java Runtime Environment to continue.
# Native memory allocation (mmap) failed to map 65536 bytes for Failed to commit metaspace.
# Possible reasons:
#   The system is out of physical RAM or swap space
#   The process is running with CompressedOops enabled, and the Java Heap may be blocking the growth of the native heap
# Possible solutions:
#   Reduce memory load on the system
#   Increase physical memory or swap space
#   Check if swap backing store is full
#   Decrease Java heap size (-Xmx/-Xms)
#   Decrease number of Java threads
#   Decrease Java thread stack sizes (-Xss)
#   Set larger code cache with -XX:ReservedCodeCacheSize=
#   JVM is running with Unscaled Compressed Oops mode in which the Java heap is
#     placed in the first 4GB address space. The Java Heap base address is the
#     maximum limit for the native heap growth. Please use -XX:HeapBaseMinAddress
#     to set the Java Heap base and to place the Java Heap above 4GB virtual address.
# This output file may be truncated or incomplete.
#
#  Out of Memory Error (virtualSpaceNode.cpp:112), pid=2332, tid=17916
#
# JRE version:  (21.0.11+9) (build )
# Java VM: Java HotSpot(TM) 64-Bit Server VM (21.0.11+9-LTS-211, mixed mode, tiered, compressed oops, compressed class ptrs, g1 gc, windows-amd64)
# No core dump will be written. Minidumps are not enabled by default on client versions of Windows
#

---------------  S U M M A R Y ------------

Command Line: --enable-native-access=ALL-UNNAMED 

Host: AMD Ryzen 3 3250U with Radeon Graphics         , 4 cores, 3G,  Windows 10 , 64 bit Build 19041 (10.0.19041.5915)
Time: Sat Jul 11 13:15:01 2026 India Standard Time elapsed time: 0.790802 seconds (0d 0h 0m 0s)

---------------  T H R E A D  ---------------

Current thread (0x000001f2a03033d0):  JavaThread "main"             [_thread_in_vm, id=17916, stack(0x0000007d43800000,0x0000007d43900000) (1024K)]

Stack: [0x0000007d43800000,0x0000007d43900000]
Native frames: (J=compiled Java code, j=interpreted, Vv=VM code, C=native code)
V  [jvm.dll+0x6d0ef9]
V  [jvm.dll+0x860126]
V  [jvm.dll+0x86261e]
V  [jvm.dll+0x862cf3]
V  [jvm.dll+0x282bc6]
V  [jvm.dll+0x85beae]
V  [jvm.dll+0x674de4]
V  [jvm.dll+0x674e4a]
V  [jvm.dll+0x67767b]
V  [jvm.dll+0x677542]
V  [jvm.dll+0x6757be]
V  [jvm.dll+0x26e4f4]
V  [jvm.dll+0x2197db]
V  [jvm.dll+0x20edae]
V  [jvm.dll+0x5b2c4f]
V  [jvm.dll+0x2209de]
V  [jvm.dll+0x7d974d]
V  [jvm.dll+0x7da77b]
V  [jvm.dll+0x7daf63]
V  [jvm.dll+0x21a0ab]
V  [jvm.dll+0x20edc7]
V  [jvm.dll+0x5b2c4f]
V  [jvm.dll+0x2209de]
V  [jvm.dll+0x7d974d]
V  [jvm.dll+0x7da77b]
V  [jvm.dll+0x7dad44]
V  [jvm.dll+0x7da9d8]
V  [jvm.dll+0x270b4d]
V  [jvm.dll+0x3d9bfe]
C  0x000001f2b14ea816

The last pc belongs to new (printed below).
Java frames: (J=compiled Java code, j=interpreted, Vv=VM code)
j  java.util.ImmutableCollections.<clinit>()V+132 java.base
v  ~StubRoutines::call_stub 0x000001f2b14d100d
j  java.util.ImmutableCollections$Set12.<init>(Ljava/lang/Object;)V+13 java.base
j  java.util.Set.of(Ljava/lang/Object;)Ljava/util/Set;+5 java.base
j  java.lang.Module.<clinit>()V+69 java.base
v  ~StubRoutines::call_stub 0x000001f2b14d100d
new  187 new  [0x000001f2b14ea6a0, 0x000001f2b14ea8a0]  512 bytes
[MachCode]
  0x000001f2b14ea6a0: 4883 ec08 | c5fa 1104 | 24eb 1f48 | 83ec 10c5 | fb11 0424 | eb14 4883 | ec10 4889 | 0424 48c7 
  0x000001f2b14ea6c0: 4424 0800 | 0000 00eb | 0150 410f | b755 010f | cac1 ea10 | 488b 4de8 | 488b 4908 | 488b 4908 
  0x000001f2b14ea6e0: 488b 4108 | 807c 1004 | 070f 85ca | 0000 0066 | 8b54 d148 | 488b 4928 | 488b 4cd1 | 0851 80b9 
  0x000001f2b14ea700: 2101 0000 | 040f 85ad | 0000 008b | 5108 f6c2 | 010f 85a1 | 0000 0049 | 8b87 b801 | 0000 488d 
  0x000001f2b14ea720: 1c10 493b | 9fc8 0100 | 000f 8789 | 0000 0049 | 899f b801 | 0000 4883 | ea10 0f84 | 0f00 0000 
  0x000001f2b14ea740: 33c9 c1ea | 0348 894c | d008 48ff | ca75 f648 | c700 0100 | 0000 5933 | f689 700c | 48c1 e903 
  0x000001f2b14ea760: 8948 0849 | bae4 280f | 33fc 7f00 | 0041 803a | 000f 843c | 0000 0050 | 488b c848 | 83ec 2040 
  0x000001f2b14ea780: f6c4 0f0f | 8419 0000 | 0048 83ec | 0848 b8f0 | 7cbf 32fc | 7f00 00ff | d048 83c4 | 08e9 0c00 
  0x000001f2b14ea7a0: 0000 48b8 | f07c bf32 | fc7f 0000 | ffd0 4883 | c420 58e9 | cb00 0000 | 5948 8b55 | e848 8b52 
  0x000001f2b14ea7c0: 0848 8b52 | 0845 0fb7 | 4501 410f | c841 c1e8 | 10e8 0500 | 0000 e9a8 | 0000 0048 | 8d44 2408 
  0x000001f2b14ea7e0: 4c89 6dc0 | 498b cfc5 | f877 4989 | afb0 0300 | 0049 8987 | a003 0000 | 4883 ec20 | 40f6 c40f 
  0x000001f2b14ea800: 0f84 1900 | 0000 4883 | ec08 48b8 | b09b 8932 | fc7f 0000 | ffd0 4883 | c408 e90c | 0000 0048 
  0x000001f2b14ea820: b8b0 9b89 | 32fc 7f00 | 00ff d048 | 83c4 2049 | c787 a003 | 0000 0000 | 0000 49c7 | 87b0 0300 
  0x000001f2b14ea840: 0000 0000 | 0049 c787 | a803 0000 | 0000 0000 | c5f8 7749 | 837f 0800 | 0f84 0500 | 0000 e99d 
  0x000001f2b14ea860: 66fe ff49 | 8b87 f803 | 0000 49c7 | 87f8 0300 | 0000 0000 | 004c 8b6d | c04c 8b75 | c84e 8d74 
  0x000001f2b14ea880: f500 c341 | 0fb6 5d03 | 4983 c503 | 49ba a0ec | 1133 fc7f | 0000 41ff | 24da 660f | 1f44 0000 
[/MachCode]

---------------  P R O C E S S  ---------------

Threads class SMR info:
_java_thread_list=0x000001f2a0390ec0, length=1, elements={
0x000001f2a03033d0
}

Java Threads: ( => current thread )
=>0x000001f2a03033d0 JavaThread "main"                              [_thread_in_vm, id=17916, stack(0x0000007d43800000,0x0000007d43900000) (1024K)]
Total: 1

Other Threads:
  0x000001f2bcc656c0 VMThread "VM Thread"                           [id=18048, stack(0x0000007d43f00000,0x0000007d44000000) (1024K)]
  0x000001f2a039af50 WatcherThread "VM Periodic Task Thread"        [id=15156, stack(0x0000007d43e00000,0x0000007d43f00000) (1024K)]
  0x000001f2a0330030 WorkerThread "GC Thread#0"                     [id=17384, stack(0x0000007d43900000,0x0000007d43a00000) (1024K)]
  0x000001f2a0337cb0 ConcurrentGCThread "G1 Main Marker"            [id=17972, stack(0x0000007d43a00000,0x0000007d43b00000) (1024K)]
  0x000001f2a0338780 WorkerThread "G1 Conc#0"                       [id=18404, stack(0x0000007d43b00000,0x0000007d43c00000) (1024K)]
  0x000001f2a038e8b0 ConcurrentGCThread "G1 Refine#0"               [id=16972, stack(0x0000007d43c00000,0x0000007d43d00000) (1024K)]
  0x000001f2a038f3f0 ConcurrentGCThread "G1 Service"                [id=16368, stack(0x0000007d43d00000,0x0000007d43e00000) (1024K)]
Total: 7

Threads with active compile tasks:
Total: 0

VM state: not at safepoint (normal execution)

VM Mutex/Monitor currently owned by a thread:  ([mutex/lock_event])
[0x00007ffc33108f50] Metaspace_lock - owner thread: 0x000001f2a03033d0

Heap address: 0x00000000c8c00000, size: 884 MB, Compressed Oops mode: 32-bit

CDS archive(s) not mapped
Compressed class space mapped at: 0x0000000100000000-0x0000000140000000, reserved size: 1073741824
Narrow klass base: 0x0000000000000000, Narrow klass shift: 3, Narrow klass range: 0x140000000

GC Precious Log:
 CardTable entry size: 512
 Card Set container configuration: InlinePtr #cards 5 size 8 Array Of Cards #cards 12 size 40 Howl #buckets 4 coarsen threshold 1843 Howl Bitmap #cards 512 size 80 coarsen threshold 460 Card regions per heap region 1 cards per card region 2048
 CPUs: 4 total, 4 available
 Memory: 3534M
 Large Page Support: Disabled
 NUMA Support: Disabled
 Compressed Oops: Enabled (32-bit)
 Heap Region Size: 1M
 Heap Min Capacity: 8M
 Heap Initial Capacity: 56M
 Heap Max Capacity: 884M
 Pre-touch: Disabled
 Parallel Workers: 4
 Concurrent Workers: 1
 Concurrent Refinement Workers: 4
 Periodic GC: Disabled

Heap:
 garbage-first heap   total 57344K, used 0K [0x00000000c8c00000, 0x0000000100000000)
  region size 1024K, 1 young (1024K), 0 survivors (0K)
 Metaspace       used 1724K, committed 1728K, reserved 1114112K
  class space    used 124K, committed 128K, reserved 1048576K

Heap Regions: E=young(eden), S=young(survivor), O=old, HS=humongous(starts), HC=humongous(continues), CS=collection set, F=free, TAMS=top-at-mark-start, PB=parsable bottom
|   0|0x00000000c8c00000, 0x00000000c8c00000, 0x00000000c8d00000|  0%| F|  |TAMS 0x00000000c8c00000| PB 0x00000000c8c00000| Untracked 
|   1|0x00000000c8d00000, 0x00000000c8d00000, 0x00000000c8e00000|  0%| F|  |TAMS 0x00000000c8d00000| PB 0x00000000c8d00000| Untracked 
|   2|0x00000000c8e00000, 0x00000000c8e00000, 0x00000000c8f00000|  0%| F|  |TAMS 0x00000000c8e00000| PB 0x00000000c8e00000| Untracked 
|   3|0x00000000c8f00000, 0x00000000c8f00000, 0x00000000c9000000|  0%| F|  |TAMS 0x00000000c8f00000| PB 0x00000000c8f00000| Untracked 
|   4|0x00000000c9000000, 0x00000000c9000000, 0x00000000c9100000|  0%| F|  |TAMS 0x00000000c9000000| PB 0x00000000c9000000| Untracked 
|   5|0x00000000c9100000, 0x00000000c9100000, 0x00000000c9200000|  0%| F|  |TAMS 0x00000000c9100000| PB 0x00000000c9100000| Untracked 
|   6|0x00000000c9200000, 0x00000000c9200000, 0x00000000c9300000|  0%| F|  |TAMS 0x00000000c9200000| PB 0x00000000c9200000| Untracked 
|   7|0x00000000c9300000, 0x00000000c9300000, 0x00000000c9400000|  0%| F|  |TAMS 0x00000000c9300000| PB 0x00000000c9300000| Untracked 
|   8|0x00000000c9400000, 0x00000000c9400000, 0x00000000c9500000|  0%| F|  |TAMS 0x00000000c9400000| PB 0x00000000c9400000| Untracked 
|   9|0x00000000c9500000, 0x00000000c9500000, 0x00000000c9600000|  0%| F|  |TAMS 0x00000000c9500000| PB 0x00000000c9500000| Untracked 
|  10|0x00000000c9600000, 0x00000000c9600000, 0x00000000c9700000|  0%| F|  |TAMS 0x00000000c9600000| PB 0x00000000c9600000| Untracked 
|  11|0x00000000c9700000, 0x00000000c9700000, 0x00000000c9800000|  0%| F|  |TAMS 0x00000000c9700000| PB 0x00000000c9700000| Untracked 
|  12|0x00000000c9800000, 0x00000000c9800000, 0x00000000c9900000|  0%| F|  |TAMS 0x00000000c9800000| PB 0x00000000c9800000| Untracked 
|  13|0x00000000c9900000, 0x00000000c9900000, 0x00000000c9a00000|  0%| F|  |TAMS 0x00000000c9900000| PB 0x00000000c9900000| Untracked 
|  14|0x00000000c9a00000, 0x00000000c9a00000, 0x00000000c9b00000|  0%| F|  |TAMS 0x00000000c9a00000| PB 0x00000000c9a00000| Untracked 
|  15|0x00000000c9b00000, 0x00000000c9b00000, 0x00000000c9c00000|  0%| F|  |TAMS 0x00000000c9b00000| PB 0x00000000c9b00000| Untracked 
|  16|0x00000000c9c00000, 0x00000000c9c00000, 0x00000000c9d00000|  0%| F|  |TAMS 0x00000000c9c00000| PB 0x00000000c9c00000| Untracked 
|  17|0x00000000c9d00000, 0x00000000c9d00000, 0x00000000c9e00000|  0%| F|  |TAMS 0x00000000c9d00000| PB 0x00000000c9d00000| Untracked 
|  18|0x00000000c9e00000, 0x00000000c9e00000, 0x00000000c9f00000|  0%| F|  |TAMS 0x00000000c9e00000| PB 0x00000000c9e00000| Untracked 
|  19|0x00000000c9f00000, 0x00000000c9f00000, 0x00000000ca000000|  0%| F|  |TAMS 0x00000000c9f00000| PB 0x00000000c9f00000| Untracked 
|  20|0x00000000ca000000, 0x00000000ca000000, 0x00000000ca100000|  0%| F|  |TAMS 0x00000000ca000000| PB 0x00000000ca000000| Untracked 
|  21|0x00000000ca100000, 0x00000000ca100000, 0x00000000ca200000|  0%| F|  |TAMS 0x00000000ca100000| PB 0x00000000ca100000| Untracked 
|  22|0x00000000ca200000, 0x00000000ca200000, 0x00000000ca300000|  0%| F|  |TAMS 0x00000000ca200000| PB 0x00000000ca200000| Untracked 
|  23|0x00000000ca300000, 0x00000000ca300000, 0x00000000ca400000|  0%| F|  |TAMS 0x00000000ca300000| PB 0x00000000ca300000| Untracked 
|  24|0x00000000ca400000, 0x00000000ca400000, 0x00000000ca500000|  0%| F|  |TAMS 0x00000000ca400000| PB 0x00000000ca400000| Untracked 
|  25|0x00000000ca500000, 0x00000000ca500000, 0x00000000ca600000|  0%| F|  |TAMS 0x00000000ca500000| PB 0x00000000ca500000| Untracked 
|  26|0x00000000ca600000, 0x00000000ca600000, 0x00000000ca700000|  0%| F|  |TAMS 0x00000000ca600000| PB 0x00000000ca600000| Untracked 
|  27|0x00000000ca700000, 0x00000000ca700000, 0x00000000ca800000|  0%| F|  |TAMS 0x00000000ca700000| PB 0x00000000ca700000| Untracked 
|  28|0x00000000ca800000, 0x00000000ca800000, 0x00000000ca900000|  0%| F|  |TAMS 0x00000000ca800000| PB 0x00000000ca800000| Untracked 
|  29|0x00000000ca900000, 0x00000000ca900000, 0x00000000caa00000|  0%| F|  |TAMS 0x00000000ca900000| PB 0x00000000ca900000| Untracked 
|  30|0x00000000caa00000, 0x00000000caa00000, 0x00000000cab00000|  0%| F|  |TAMS 0x00000000caa00000| PB 0x00000000caa00000| Untracked 
|  31|0x00000000cab00000, 0x00000000cab00000, 0x00000000cac00000|  0%| F|  |TAMS 0x00000000cab00000| PB 0x00000000cab00000| Untracked 
|  32|0x00000000cac00000, 0x00000000cac00000, 0x00000000cad00000|  0%| F|  |TAMS 0x00000000cac00000| PB 0x00000000cac00000| Untracked 
|  33|0x00000000cad00000, 0x00000000cad00000, 0x00000000cae00000|  0%| F|  |TAMS 0x00000000cad00000| PB 0x00000000cad00000| Untracked 
|  34|0x00000000cae00000, 0x00000000cae00000, 0x00000000caf00000|  0%| F|  |TAMS 0x00000000cae00000| PB 0x00000000cae00000| Untracked 
|  35|0x00000000caf00000, 0x00000000caf00000, 0x00000000cb000000|  0%| F|  |TAMS 0x00000000caf00000| PB 0x00000000caf00000| Untracked 
|  36|0x00000000cb000000, 0x00000000cb000000, 0x00000000cb100000|  0%| F|  |TAMS 0x00000000cb000000| PB 0x00000000cb000000| Untracked 
|  37|0x00000000cb100000, 0x00000000cb100000, 0x00000000cb200000|  0%| F|  |TAMS 0x00000000cb100000| PB 0x00000000cb100000| Untracked 
|  38|0x00000000cb200000, 0x00000000cb200000, 0x00000000cb300000|  0%| F|  |TAMS 0x00000000cb200000| PB 0x00000000cb200000| Untracked 
|  39|0x00000000cb300000, 0x00000000cb300000, 0x00000000cb400000|  0%| F|  |TAMS 0x00000000cb300000| PB 0x00000000cb300000| Untracked 
|  40|0x00000000cb400000, 0x00000000cb400000, 0x00000000cb500000|  0%| F|  |TAMS 0x00000000cb400000| PB 0x00000000cb400000| Untracked 
|  41|0x00000000cb500000, 0x00000000cb500000, 0x00000000cb600000|  0%| F|  |TAMS 0x00000000cb500000| PB 0x00000000cb500000| Untracked 
|  42|0x00000000cb600000, 0x00000000cb600000, 0x00000000cb700000|  0%| F|  |TAMS 0x00000000cb600000| PB 0x00000000cb600000| Untracked 
|  43|0x00000000cb700000, 0x00000000cb700000, 0x00000000cb800000|  0%| F|  |TAMS 0x00000000cb700000| PB 0x00000000cb700000| Untracked 
|  44|0x00000000cb800000, 0x00000000cb800000, 0x00000000cb900000|  0%| F|  |TAMS 0x00000000cb800000| PB 0x00000000cb800000| Untracked 
|  45|0x00000000cb900000, 0x00000000cb900000, 0x00000000cba00000|  0%| F|  |TAMS 0x00000000cb900000| PB 0x00000000cb900000| Untracked 
|  46|0x00000000cba00000, 0x00000000cba00000, 0x00000000cbb00000|  0%| F|  |TAMS 0x00000000cba00000| PB 0x00000000cba00000| Untracked 
|  47|0x00000000cbb00000, 0x00000000cbb00000, 0x00000000cbc00000|  0%| F|  |TAMS 0x00000000cbb00000| PB 0x00000000cbb00000| Untracked 
|  48|0x00000000cbc00000, 0x00000000cbc00000, 0x00000000cbd00000|  0%| F|  |TAMS 0x00000000cbc00000| PB 0x00000000cbc00000| Untracked 
|  49|0x00000000cbd00000, 0x00000000cbd00000, 0x00000000cbe00000|  0%| F|  |TAMS 0x00000000cbd00000| PB 0x00000000cbd00000| Untracked 
|  50|0x00000000cbe00000, 0x00000000cbe00000, 0x00000000cbf00000|  0%| F|  |TAMS 0x00000000cbe00000| PB 0x00000000cbe00000| Untracked 
|  51|0x00000000cbf00000, 0x00000000cbf00000, 0x00000000cc000000|  0%| F|  |TAMS 0x00000000cbf00000| PB 0x00000000cbf00000| Untracked 
|  52|0x00000000cc000000, 0x00000000cc000000, 0x00000000cc100000|  0%| F|  |TAMS 0x00000000cc000000| PB 0x00000000cc000000| Untracked 
|  53|0x00000000cc100000, 0x00000000cc100000, 0x00000000cc200000|  0%| F|  |TAMS 0x00000000cc100000| PB 0x00000000cc100000| Untracked 
|  54|0x00000000cc200000, 0x00000000cc200000, 0x00000000cc300000|  0%| F|  |TAMS 0x00000000cc200000| PB 0x00000000cc200000| Untracked 
|  55|0x00000000cc300000, 0x00000000cc342960, 0x00000000cc400000| 26%| E|  |TAMS 0x00000000cc300000| PB 0x00000000cc300000| Complete 

Card table byte_map: [0x000001f2b9780000,0x000001f2b9940000] _byte_map_base: 0x000001f2b913a000

Marking Bits: (CMBitMap*) 0x000001f2a0330550
 Bits: [0x000001f2b9940000, 0x000001f2ba710000)

Polling page: 0x000001f2a03d0000

Metaspace:

Usage:
  Non-class:      1.56 MB used.
      Class:    124.43 KB used.
       Both:      1.68 MB used.

Virtual space:
  Non-class space:       64.00 MB reserved,       1.56 MB (  2%) committed,  1 nodes.
      Class space:        1.00 GB reserved,     128.00 KB ( <1%) committed,  1 nodes.
             Both:        1.06 GB reserved,       1.69 MB ( <1%) committed. 

Chunk freelists:
   Non-Class:  12.00 MB
       Class:  15.75 MB
        Both:  27.75 MB

MaxMetaspaceSize: unlimited
CompressedClassSpaceSize: 1.00 GB
Initial GC threshold: 21.00 MB
Current GC threshold: 17179869184.00 GB
CDS: off
 - commit_granule_bytes: 65536.
 - commit_granule_words: 8192.
 - virtual_space_node_default_size: 8388608.
 - enlarge_chunks_in_place: 1.
 - use_allocation_guard: 0.


Internal statistics:

num_allocs_failed_limit: 0.
num_arena_births: 2.
num_arena_deaths: 0.
num_vsnodes_births: 2.
num_vsnodes_deaths: 0.
num_space_committed: 27.
num_space_uncommitted: 0.
num_chunks_returned_to_freelist: 0.
num_chunks_taken_from_freelist: 3.
num_chunk_merges: 0.
num_chunk_splits: 2.
num_chunks_enlarged: 0.
num_inconsistent_stats: 0.

CodeHeap 'non-profiled nmethods': size=120000Kb used=0Kb max_used=0Kb free=120000Kb
 bounds [0x000001f2b1a70000, 0x000001f2b1ce0000, 0x000001f2b8fa0000]
CodeHeap 'profiled nmethods': size=120000Kb used=0Kb max_used=0Kb free=120000Kb
 bounds [0x000001f2a9fa0000, 0x000001f2aa210000, 0x000001f2b14d0000]
CodeHeap 'non-nmethods': size=5760Kb used=351Kb max_used=351Kb free=5408Kb
 bounds [0x000001f2b14d0000, 0x000001f2b1740000, 0x000001f2b1a70000]
 total_blobs=112 nmethods=0 adapters=82
 compilation: enabled
              stopped_count=0, restarted_count=0
 full_count=0

Compilation events (0 events):
No events

GC Heap History (0 events):
No events

Dll operation events (1 events):
Event: 0.124 Loaded shared library C:\Program Files\Java\jdk-21.0.11\bin\java.dll

Deoptimization events (0 events):
No events

Classes loaded (20 events):
Event: 0.753 Loading class java/util/Set
Event: 0.757 Loading class java/util/Set done
Event: 0.757 Loading class java/util/ImmutableCollections$Set12
Event: 0.758 Loading class java/util/ImmutableCollections$AbstractImmutableSet
Event: 0.758 Loading class java/util/ImmutableCollections$AbstractImmutableCollection
Event: 0.758 Loading class java/util/ImmutableCollections$AbstractImmutableCollection done
Event: 0.758 Loading class java/util/ImmutableCollections$AbstractImmutableSet done
Event: 0.759 Loading class java/util/ImmutableCollections$Set12 done
Event: 0.759 Loading class java/util/Objects
Event: 0.759 Loading class java/util/Objects done
Event: 0.760 Loading class java/util/ImmutableCollections
Event: 0.760 Loading class java/util/ImmutableCollections done
Event: 0.762 Loading class java/util/ImmutableCollections$ListN
Event: 0.764 Loading class java/util/ImmutableCollections$AbstractImmutableList
Event: 0.765 Loading class java/util/ImmutableCollections$AbstractImmutableList done
Event: 0.765 Loading class java/util/ImmutableCollections$ListN done
Event: 0.765 Loading class java/util/ImmutableCollections$SetN
Event: 0.766 Loading class java/util/ImmutableCollections$SetN done
Event: 0.766 Loading class java/util/ImmutableCollections$MapN
Event: 0.767 Loading class java/util/ImmutableCollections$AbstractImmutableMap

Classes unloaded (0 events):
No events

Classes redefined (0 events):
No events

Internal exceptions (0 events):
No events

ZGC Phase Switch (0 events):
No events

VM Operations (0 events):
No events

Events (1 events):
Event: 0.146 Thread 0x000001f2a03033d0 Thread added: 0x000001f2a03033d0


Dynamic libraries:
0x00007ff729d00000 - 0x00007ff729d10000 	C:\Program Files\Java\jdk-21.0.11\bin\java.exe
0x00007ffce5a50000 - 0x00007ffce5c48000 	C:\Windows\SYSTEM32\ntdll.dll
0x00007ffce3b70000 - 0x00007ffce3c32000 	C:\Windows\System32\KERNEL32.DLL
0x00007ffce3280000 - 0x00007ffce3576000 	C:\Windows\System32\KERNELBASE.dll
0x00007ffcb9c40000 - 0x00007ffcb9c5e000 	C:\Program Files\Java\jdk-21.0.11\bin\VCRUNTIME140.dll
0x00007ffce30e0000 - 0x00007ffce31e0000 	C:\Windows\System32\ucrtbase.dll
0x00007ffcaa0d0000 - 0x00007ffcaa0e9000 	C:\Program Files\Java\jdk-21.0.11\bin\jli.dll
0x00007ffce5800000 - 0x00007ffce58b1000 	C:\Windows\System32\ADVAPI32.dll
0x00007ffce4a20000 - 0x00007ffce4abe000 	C:\Windows\System32\msvcrt.dll
0x00007ffce4b90000 - 0x00007ffce4c2f000 	C:\Windows\System32\sechost.dll
0x00007ffce4900000 - 0x00007ffce4a20000 	C:\Windows\System32\RPCRT4.dll
0x00007ffce3820000 - 0x00007ffce3847000 	C:\Windows\System32\bcrypt.dll
0x00007ffce5560000 - 0x00007ffce5701000 	C:\Windows\System32\USER32.dll
0x00007ffce37f0000 - 0x00007ffce3812000 	C:\Windows\System32\win32u.dll
0x00007ffcd21f0000 - 0x00007ffcd248b000 	C:\Windows\WinSxS\amd64_microsoft.windows.common-controls_6595b64144ccf1df_6.0.19041.6456_none_60b8a6cb71f64256\COMCTL32.dll
0x00007ffce4d20000 - 0x00007ffce4d4b000 	C:\Windows\System32\GDI32.dll
0x00007ffce38a0000 - 0x00007ffce39b9000 	C:\Windows\System32\gdi32full.dll
0x00007ffce31e0000 - 0x00007ffce327d000 	C:\Windows\System32\msvcp_win.dll
0x00007ffcdb0e0000 - 0x00007ffcdb0ea000 	C:\Windows\SYSTEM32\VERSION.dll
0x00007ffce59e0000 - 0x00007ffce5a0f000 	C:\Windows\System32\IMM32.DLL
0x00007ffcdb5c0000 - 0x00007ffcdb5cc000 	C:\Program Files\Java\jdk-21.0.11\bin\vcruntime140_1.dll
0x00007ffc8d750000 - 0x00007ffc8d7dd000 	C:\Program Files\Java\jdk-21.0.11\bin\msvcp140.dll
0x00007ffc324c0000 - 0x00007ffc331e8000 	C:\Program Files\Java\jdk-21.0.11\bin\server\jvm.dll
0x00007ffce4b20000 - 0x00007ffce4b8b000 	C:\Windows\System32\WS2_32.dll
0x00007ffce2f40000 - 0x00007ffce2f8b000 	C:\Windows\SYSTEM32\POWRPROF.dll
0x00007ffcd88b0000 - 0x00007ffcd88d7000 	C:\Windows\SYSTEM32\WINMM.dll
0x00007ffce2f20000 - 0x00007ffce2f32000 	C:\Windows\SYSTEM32\UMPDC.dll
0x00007ffce0f50000 - 0x00007ffce0f62000 	C:\Windows\SYSTEM32\kernel.appcore.dll
0x00007ffcd1c20000 - 0x00007ffcd1c2a000 	C:\Program Files\Java\jdk-21.0.11\bin\jimage.dll
0x00007ffce0340000 - 0x00007ffce0541000 	C:\Windows\SYSTEM32\DBGHELP.DLL
0x00007ffccbf40000 - 0x00007ffccbf74000 	C:\Windows\SYSTEM32\dbgcore.DLL
0x00007ffce36e0000 - 0x00007ffce3762000 	C:\Windows\System32\bcryptPrimitives.dll
0x00007ffcaade0000 - 0x00007ffcaae01000 	C:\Program Files\Java\jdk-21.0.11\bin\java.dll

dbghelp: loaded successfully - version: 4.0.5 - missing functions: none
symbol engine: initialized successfully - sym options: 0x614 - pdb path: .;C:\Program Files\Java\jdk-21.0.11\bin;C:\Windows\SYSTEM32;C:\Windows\WinSxS\amd64_microsoft.windows.common-controls_6595b64144ccf1df_6.0.19041.6456_none_60b8a6cb71f64256;C:\Program Files\Java\jdk-21.0.11\bin\server

VM Arguments:
jvm_args: --enable-native-access=ALL-UNNAMED 
java_command: <unknown>
java_class_path (initial): <not set>
Launcher Type: SUN_STANDARD

[Global flags]
     intx CICompilerCount                          = 3                                         {product} {ergonomic}
     uint ConcGCThreads                            = 1                                         {product} {ergonomic}
     uint G1ConcRefinementThreads                  = 4                                         {product} {ergonomic}
   size_t G1HeapRegionSize                         = 1048576                                   {product} {ergonomic}
    uintx GCDrainStackTargetSize                   = 64                                        {product} {ergonomic}
   size_t InitialHeapSize                          = 58720256                                  {product} {ergonomic}
   size_t MarkStackSize                            = 4194304                                   {product} {ergonomic}
   size_t MaxHeapSize                              = 926941184                                 {product} {ergonomic}
   size_t MaxNewSize                               = 555745280                                 {product} {ergonomic}
   size_t MinHeapDeltaBytes                        = 1048576                                   {product} {ergonomic}
   size_t MinHeapSize                              = 8388608                                   {product} {ergonomic}
    uintx NonNMethodCodeHeapSize                   = 5832780                                {pd product} {ergonomic}
    uintx NonProfiledCodeHeapSize                  = 122912730                              {pd product} {ergonomic}
    uintx ProfiledCodeHeapSize                     = 122912730                              {pd product} {ergonomic}
    uintx ReservedCodeCacheSize                    = 251658240                              {pd product} {ergonomic}
     bool SegmentedCodeCache                       = true                                      {product} {ergonomic}
   size_t SoftMaxHeapSize                          = 926941184                              {manageable} {ergonomic}
     bool UseCompressedOops                        = true                           {product lp64_product} {ergonomic}
     bool UseG1GC                                  = true                                      {product} {ergonomic}
     bool UseLargePagesIndividualAllocation        = false                                  {pd product} {ergonomic}

Logging:
Log output configuration:
 #0: stdout all=warning uptime,level,tags foldmultilines=false
 #1: stderr all=off uptime,level,tags foldmultilines=false

Environment Variables:
JAVA_HOME=C:\Program Files\Java\jdk-21.0.11
PATH=C:\Program Files\Common Files\Oracle\Java\javapath;C:\Program Files\Python310\Scripts\;C:\Program Files\Python310\;C:\Windows\system32;C:\Windows;C:\Windows\System32\Wbem;C:\Windows\System32\WindowsPowerShell\v1.0\;C:\Windows\System32\OpenSSH\;C:\Program Files\dotnet\;C:\Program Files (x86)\Windows Kits\8.1\Windows Performance Toolkit\;C:\Program Files\Git\cmd;C:\Program Files\Amazon\AWSCLIV2\;C:\Program Files\PuTTY\;C:\terraform_1.10.5_windows_386\;C:\terraform_1.11.3_windows_amd64;C:\terraform_1.11.3_windows_386;C:\Users\umaha;C:\Program Files\Java\jdk-21.0.11\bin;C:\Program Files\Apache\apache-maven-3.9.16\bin;C:\Program Files\MySQL\MySQL Shell 8.0\bin\;C:\Users\umaha\AppData\Local\Microsoft\WindowsApps;C:\Users\umaha\AppData\Local\Programs\Microsoft VS Code\bin;C:\Users\umaha;c:\Users\umaha\.vscode\extensions\vscjava.vscode-java-debug-0.59.0\bundled\scripts\noConfigScripts
USERNAME=umaha
LANG=en_US.UTF-8
OS=Windows_NT
PROCESSOR_IDENTIFIER=AMD64 Family 23 Model 24 Stepping 1, AuthenticAMD
TMP=C:\Users\umaha\AppData\Local\Temp
TEMP=C:\Users\umaha\AppData\Local\Temp




Periodic native trim disabled

---------------  S Y S T E M  ---------------

OS:
 Windows 10 , 64 bit Build 19041 (10.0.19041.5915)
OS uptime: 0 days 0:35 hours
Hyper-V role detected

CPU: total 4 (initial active 4) (4 cores per cpu, 2 threads per core) family 23 model 24 stepping 1 microcode 0x0, cx8, cmov, fxsr, ht, mmx, 3dnowpref, sse, sse2, sse3, ssse3, sse4a, sse4.1, sse4.2, popcnt, lzcnt, tsc, tscinvbit, avx, avx2, aes, clmul, bmi1, bmi2, adx, sha, fma, vzeroupper, clflush, clflushopt, hv, rdtscp, f16c
Processor Information for all 4 processors :
  Max Mhz: 2600, Current Mhz: 2600, Mhz Limit: 2600

Memory: 4k page, system-wide physical 3534M (324M free)
TotalPageFile size 14286M (AvailPageFile size 646M)
current process WorkingSet (physical memory assigned to process): 16M, peak: 16M
current process commit charge ("private bytes"): 112M, peak: 113M

vm_info: Java HotSpot(TM) 64-Bit Server VM (21.0.11+9-LTS-211) for windows-amd64 JRE (21.0.11+9-LTS-211), built on 2026-03-11T00:23:15Z by "mach5run" with MS VC++ 17.13 (VS2022)

END.
